<?xml version="1.0" encoding="UTF-8"?>
<!-- Generated by org.testng.reporters.JUnitReportReporter -->
<testsuite hostname="UTS-KOMAL" failures="0" tests="1" name="com.Dec.Automation.AppTest" time="0.032" errors="0" timestamp="2022-03-19T08:31:48 IST" skipped="0">
  <testcase classname="com.Dec.Automation.AppTest" name="shouldAnswerWithTrue" time="0.032"/>
  <system-out/>
</testsuite> <!-- com.Dec.Automation.AppTest -->
